{"total": {"lines":{"total":2555,"covered":1769,"skipped":0,"pct":69.23},"statements":{"total":3984,"covered":2605,"skipped":0,"pct":65.38},"functions":{"total":250,"covered":170,"skipped":0,"pct":68},"branches":{"total":1257,"covered":715,"skipped":0,"pct":56.88},"branchesTrue":{"total":0,"covered":0,"skipped":0,"pct":100}}
,"/Users/jfh/Documents/GitHub/svgedit/packages/svgcanvas/common/util.js": {"lines":{"total":138,"covered":101,"skipped":0,"pct":73.18},"functions":{"total":8,"covered":8,"skipped":0,"pct":100},"statements":{"total":194,"covered":140,"skipped":0,"pct":72.16},"branches":{"total":98,"covered":61,"skipped":0,"pct":62.24}}
,"/Users/jfh/Documents/GitHub/svgedit/packages/svgcanvas/core/clear.js": {"lines":{"total":29,"covered":28,"skipped":0,"pct":96.55},"functions":{"total":3,"covered":3,"skipped":0,"pct":100},"statements":{"total":48,"covered":46,"skipped":0,"pct":95.83},"branches":{"total":6,"covered":5,"skipped":0,"pct":83.33}}
,"/Users/jfh/Documents/GitHub/svgedit/packages/svgcanvas/core/coords.js": {"lines":{"total":362,"covered":202,"skipped":0,"pct":55.8},"functions":{"total":14,"covered":11,"skipped":0,"pct":78.57},"statements":{"total":564,"covered":309,"skipped":0,"pct":54.78},"branches":{"total":181,"covered":66,"skipped":0,"pct":36.46}}
,"/Users/jfh/Documents/GitHub/svgedit/packages/svgcanvas/core/dataStorage.js": {"lines":{"total":36,"covered":36,"skipped":0,"pct":100},"functions":{"total":6,"covered":6,"skipped":0,"pct":100},"statements":{"total":48,"covered":48,"skipped":0,"pct":100},"branches":{"total":17,"covered":16,"skipped":0,"pct":94.11}}
,"/Users/jfh/Documents/GitHub/svgedit/packages/svgcanvas/core/layer.js": {"lines":{"total":87,"covered":80,"skipped":0,"pct":91.95},"functions":{"total":16,"covered":16,"skipped":0,"pct":100},"statements":{"total":123,"covered":115,"skipped":0,"pct":93.49},"branches":{"total":36,"covered":31,"skipped":0,"pct":86.11}}
,"/Users/jfh/Documents/GitHub/svgedit/packages/svgcanvas/core/paint.js": {"lines":{"total":94,"covered":77,"skipped":0,"pct":81.91},"functions":{"total":6,"covered":6,"skipped":0,"pct":100},"statements":{"total":160,"covered":126,"skipped":0,"pct":78.75},"branches":{"total":75,"covered":48,"skipped":0,"pct":64}}
,"/Users/jfh/Documents/GitHub/svgedit/packages/svgcanvas/core/path.js": {"lines":{"total":343,"covered":209,"skipped":0,"pct":60.93},"functions":{"total":22,"covered":15,"skipped":0,"pct":68.18},"statements":{"total":576,"covered":322,"skipped":0,"pct":55.9},"branches":{"total":137,"covered":59,"skipped":0,"pct":43.06}}
,"/Users/jfh/Documents/GitHub/svgedit/packages/svgcanvas/core/recalculate.js": {"lines":{"total":472,"covered":244,"skipped":0,"pct":51.69},"functions":{"total":5,"covered":5,"skipped":0,"pct":100},"statements":{"total":689,"covered":342,"skipped":0,"pct":49.63},"branches":{"total":243,"covered":116,"skipped":0,"pct":47.73}}
,"/Users/jfh/Documents/GitHub/svgedit/packages/svgcanvas/core/sanitize.js": {"lines":{"total":122,"covered":109,"skipped":0,"pct":89.34},"functions":{"total":6,"covered":6,"skipped":0,"pct":100},"statements":{"total":184,"covered":158,"skipped":0,"pct":85.86},"branches":{"total":79,"covered":61,"skipped":0,"pct":77.21}}
,"/Users/jfh/Documents/GitHub/svgedit/packages/svgcanvas/core/touch.js": {"lines":{"total":22,"covered":22,"skipped":0,"pct":100},"functions":{"total":3,"covered":3,"skipped":0,"pct":100},"statements":{"total":40,"covered":36,"skipped":0,"pct":90},"branches":{"total":6,"covered":5,"skipped":0,"pct":83.33}}
,"/Users/jfh/Documents/GitHub/svgedit/packages/svgcanvas/core/utilities.js": {"lines":{"total":669,"covered":497,"skipped":0,"pct":74.28},"functions":{"total":78,"covered":65,"skipped":0,"pct":83.33},"statements":{"total":991,"covered":729,"skipped":0,"pct":73.56},"branches":{"total":312,"covered":193,"skipped":0,"pct":61.85}}
,"/Users/jfh/Documents/GitHub/svgedit/src/editor/MainMenu.js": {"lines":{"total":138,"covered":123,"skipped":0,"pct":89.13},"functions":{"total":15,"covered":13,"skipped":0,"pct":86.66},"statements":{"total":186,"covered":166,"skipped":0,"pct":89.24},"branches":{"total":44,"covered":33,"skipped":0,"pct":75}}
,"/Users/jfh/Documents/GitHub/svgedit/src/editor/contextmenu.js": {"lines":{"total":25,"covered":24,"skipped":0,"pct":96},"functions":{"total":8,"covered":8,"skipped":0,"pct":100},"statements":{"total":38,"covered":36,"skipped":0,"pct":94.73},"branches":{"total":13,"covered":12,"skipped":0,"pct":92.3}}
,"/Users/jfh/Documents/GitHub/svgedit/src/editor/locale.js": {"lines":{"total":18,"covered":17,"skipped":0,"pct":94.44},"functions":{"total":60,"covered":5,"skipped":0,"pct":8.33},"statements":{"total":143,"covered":32,"skipped":0,"pct":22.37},"branches":{"total":10,"covered":9,"skipped":0,"pct":90}}
}
