{"total": {"lines":{"total":12960,"covered":4269,"skipped":0,"pct":32.94},"statements":{"total":13559,"covered":4352,"skipped":0,"pct":32.1},"functions":{"total":1694,"covered":543,"skipped":0,"pct":32.05},"branches":{"total":6340,"covered":1198,"skipped":0,"pct":18.9}}
,"/Users/jfhenon/Work/svgedit/packages/svgcanvas/blur-event.js": {"lines":{"total":62,"covered":6,"skipped":0,"pct":9.68},"functions":{"total":5,"covered":1,"skipped":0,"pct":20},"statements":{"total":62,"covered":6,"skipped":0,"pct":9.68},"branches":{"total":20,"covered":0,"skipped":0,"pct":0}}
,"/Users/jfhenon/Work/svgedit/packages/svgcanvas/clear.js": {"lines":{"total":21,"covered":21,"skipped":0,"pct":100},"functions":{"total":2,"covered":2,"skipped":0,"pct":100},"statements":{"total":22,"covered":22,"skipped":0,"pct":100},"branches":{"total":2,"covered":1,"skipped":0,"pct":50}}
,"/Users/jfhenon/Work/svgedit/packages/svgcanvas/coords.js": {"lines":{"total":159,"covered":52,"skipped":0,"pct":32.7},"functions":{"total":11,"covered":7,"skipped":0,"pct":63.64},"statements":{"total":166,"covered":57,"skipped":0,"pct":34.34},"branches":{"total":75,"covered":19,"skipped":0,"pct":25.33}}
,"/Users/jfhenon/Work/svgedit/packages/svgcanvas/copy-elem.js": {"lines":{"total":22,"covered":1,"skipped":0,"pct":4.55},"functions":{"total":3,"covered":0,"skipped":0,"pct":0},"statements":{"total":22,"covered":1,"skipped":0,"pct":4.55},"branches":{"total":9,"covered":0,"skipped":0,"pct":0}}
,"/Users/jfhenon/Work/svgedit/packages/svgcanvas/dataStorage.js": {"lines":{"total":10,"covered":5,"skipped":0,"pct":50},"functions":{"total":4,"covered":2,"skipped":0,"pct":50},"statements":{"total":10,"covered":5,"skipped":0,"pct":50},"branches":{"total":6,"covered":3,"skipped":0,"pct":50}}
,"/Users/jfhenon/Work/svgedit/packages/svgcanvas/draw.js": {"lines":{"total":347,"covered":103,"skipped":0,"pct":29.68},"functions":{"total":55,"covered":19,"skipped":0,"pct":34.55},"statements":{"total":360,"covered":105,"skipped":0,"pct":29.17},"branches":{"total":170,"covered":49,"skipped":0,"pct":28.82}}
,"/Users/jfhenon/Work/svgedit/packages/svgcanvas/elem-get-set.js": {"lines":{"total":490,"covered":124,"skipped":0,"pct":25.31},"functions":{"total":51,"covered":6,"skipped":0,"pct":11.76},"statements":{"total":503,"covered":124,"skipped":0,"pct":24.65},"branches":{"total":253,"covered":14,"skipped":0,"pct":5.53}}
,"/Users/jfhenon/Work/svgedit/packages/svgcanvas/event.js": {"lines":{"total":660,"covered":152,"skipped":0,"pct":23.03},"functions":{"total":14,"covered":7,"skipped":0,"pct":50},"statements":{"total":676,"covered":154,"skipped":0,"pct":22.78},"branches":{"total":348,"covered":56,"skipped":0,"pct":16.09}}
,"/Users/jfhenon/Work/svgedit/packages/svgcanvas/history.js": {"lines":{"total":166,"covered":37,"skipped":0,"pct":22.29},"functions":{"total":48,"covered":10,"skipped":0,"pct":20.83},"statements":{"total":173,"covered":37,"skipped":0,"pct":21.39},"branches":{"total":88,"covered":11,"skipped":0,"pct":12.5}}
,"/Users/jfhenon/Work/svgedit/packages/svgcanvas/historyrecording.js": {"lines":{"total":33,"covered":24,"skipped":0,"pct":72.73},"functions":{"total":8,"covered":5,"skipped":0,"pct":62.5},"statements":{"total":40,"covered":24,"skipped":0,"pct":60},"branches":{"total":20,"covered":8,"skipped":0,"pct":40}}
,"/Users/jfhenon/Work/svgedit/packages/svgcanvas/json.js": {"lines":{"total":34,"covered":23,"skipped":0,"pct":67.65},"functions":{"total":4,"covered":2,"skipped":0,"pct":50},"statements":{"total":38,"covered":23,"skipped":0,"pct":60.53},"branches":{"total":20,"covered":13,"skipped":0,"pct":65}}
,"/Users/jfhenon/Work/svgedit/packages/svgcanvas/layer.js": {"lines":{"total":61,"covered":25,"skipped":0,"pct":40.98},"functions":{"total":16,"covered":8,"skipped":0,"pct":50},"statements":{"total":63,"covered":25,"skipped":0,"pct":39.68},"branches":{"total":36,"covered":14,"skipped":0,"pct":38.89}}
,"/Users/jfhenon/Work/svgedit/packages/svgcanvas/math.js": {"lines":{"total":59,"covered":45,"skipped":0,"pct":76.27},"functions":{"total":10,"covered":6,"skipped":0,"pct":60},"statements":{"total":71,"covered":53,"skipped":0,"pct":74.65},"branches":{"total":40,"covered":20,"skipped":0,"pct":50}}
,"/Users/jfhenon/Work/svgedit/packages/svgcanvas/namespaces.js": {"lines":{"total":6,"covered":6,"skipped":0,"pct":100},"functions":{"total":2,"covered":2,"skipped":0,"pct":100},"statements":{"total":6,"covered":6,"skipped":0,"pct":100},"branches":{"total":0,"covered":0,"skipped":0,"pct":100}}
,"/Users/jfhenon/Work/svgedit/packages/svgcanvas/paint.js": {"lines":{"total":39,"covered":12,"skipped":0,"pct":30.77},"functions":{"total":1,"covered":1,"skipped":0,"pct":100},"statements":{"total":39,"covered":12,"skipped":0,"pct":30.77},"branches":{"total":20,"covered":9,"skipped":0,"pct":45}}
,"/Users/jfhenon/Work/svgedit/packages/svgcanvas/paste-elem.js": {"lines":{"total":49,"covered":5,"skipped":0,"pct":10.2},"functions":{"total":9,"covered":1,"skipped":0,"pct":11.11},"statements":{"total":57,"covered":5,"skipped":0,"pct":8.77},"branches":{"total":22,"covered":0,"skipped":0,"pct":0}}
,"/Users/jfhenon/Work/svgedit/packages/svgcanvas/path-actions.js": {"lines":{"total":579,"covered":17,"skipped":0,"pct":2.94},"functions":{"total":31,"covered":4,"skipped":0,"pct":12.9},"statements":{"total":620,"covered":17,"skipped":0,"pct":2.74},"branches":{"total":266,"covered":4,"skipped":0,"pct":1.5}}
,"/Users/jfhenon/Work/svgedit/packages/svgcanvas/path-method.js": {"lines":{"total":410,"covered":14,"skipped":0,"pct":3.41},"functions":{"total":50,"covered":1,"skipped":0,"pct":2},"statements":{"total":426,"covered":14,"skipped":0,"pct":3.29},"branches":{"total":163,"covered":0,"skipped":0,"pct":0}}
,"/Users/jfhenon/Work/svgedit/packages/svgcanvas/path.js": {"lines":{"total":264,"covered":56,"skipped":0,"pct":21.21},"functions":{"total":20,"covered":3,"skipped":0,"pct":15},"statements":{"total":295,"covered":56,"skipped":0,"pct":18.98},"branches":{"total":111,"covered":0,"skipped":0,"pct":0}}
,"/Users/jfhenon/Work/svgedit/packages/svgcanvas/recalculate.js": {"lines":{"total":401,"covered":67,"skipped":0,"pct":16.71},"functions":{"total":4,"covered":2,"skipped":0,"pct":50},"statements":{"total":412,"covered":67,"skipped":0,"pct":16.26},"branches":{"total":250,"covered":47,"skipped":0,"pct":18.8}}
,"/Users/jfhenon/Work/svgedit/packages/svgcanvas/sanitize.js": {"lines":{"total":78,"covered":42,"skipped":0,"pct":53.85},"functions":{"total":6,"covered":4,"skipped":0,"pct":66.67},"statements":{"total":81,"covered":44,"skipped":0,"pct":54.32},"branches":{"total":55,"covered":22,"skipped":0,"pct":40}}
,"/Users/jfhenon/Work/svgedit/packages/svgcanvas/select.js": {"lines":{"total":171,"covered":125,"skipped":0,"pct":73.1},"functions":{"total":15,"covered":14,"skipped":0,"pct":93.33},"statements":{"total":181,"covered":131,"skipped":0,"pct":72.38},"branches":{"total":50,"covered":24,"skipped":0,"pct":48}}
,"/Users/jfhenon/Work/svgedit/packages/svgcanvas/selected-elem.js": {"lines":{"total":579,"covered":49,"skipped":0,"pct":8.46},"functions":{"total":44,"covered":2,"skipped":0,"pct":4.55},"statements":{"total":615,"covered":49,"skipped":0,"pct":7.97},"branches":{"total":261,"covered":1,"skipped":0,"pct":0.38}}
,"/Users/jfhenon/Work/svgedit/packages/svgcanvas/selection.js": {"lines":{"total":191,"covered":72,"skipped":0,"pct":37.7},"functions":{"total":18,"covered":6,"skipped":0,"pct":33.33},"statements":{"total":192,"covered":72,"skipped":0,"pct":37.5},"branches":{"total":95,"covered":27,"skipped":0,"pct":28.42}}
,"/Users/jfhenon/Work/svgedit/packages/svgcanvas/svg-exec.js": {"lines":{"total":546,"covered":206,"skipped":0,"pct":37.73},"functions":{"total":46,"covered":13,"skipped":0,"pct":28.26},"statements":{"total":554,"covered":212,"skipped":0,"pct":38.27},"branches":{"total":259,"covered":74,"skipped":0,"pct":28.57}}
,"/Users/jfhenon/Work/svgedit/packages/svgcanvas/svgcanvas.js": {"lines":{"total":440,"covered":267,"skipped":0,"pct":60.68},"functions":{"total":164,"covered":59,"skipped":0,"pct":35.98},"statements":{"total":444,"covered":268,"skipped":0,"pct":60.36},"branches":{"total":60,"covered":11,"skipped":0,"pct":18.33}}
,"/Users/jfhenon/Work/svgedit/packages/svgcanvas/svgroot.js": {"lines":{"total":2,"covered":2,"skipped":0,"pct":100},"functions":{"total":1,"covered":1,"skipped":0,"pct":100},"statements":{"total":2,"covered":2,"skipped":0,"pct":100},"branches":{"total":0,"covered":0,"skipped":0,"pct":100}}
,"/Users/jfhenon/Work/svgedit/packages/svgcanvas/text-actions.js": {"lines":{"total":180,"covered":9,"skipped":0,"pct":5},"functions":{"total":24,"covered":5,"skipped":0,"pct":20.83},"statements":{"total":187,"covered":10,"skipped":0,"pct":5.35},"branches":{"total":71,"covered":2,"skipped":0,"pct":2.82}}
,"/Users/jfhenon/Work/svgedit/packages/svgcanvas/touch.js": {"lines":{"total":19,"covered":6,"skipped":0,"pct":31.58},"functions":{"total":2,"covered":1,"skipped":0,"pct":50},"statements":{"total":22,"covered":6,"skipped":0,"pct":27.27},"branches":{"total":6,"covered":0,"skipped":0,"pct":0}}
,"/Users/jfhenon/Work/svgedit/packages/svgcanvas/undo.js": {"lines":{"total":128,"covered":10,"skipped":0,"pct":7.81},"functions":{"total":7,"covered":2,"skipped":0,"pct":28.57},"statements":{"total":133,"covered":10,"skipped":0,"pct":7.52},"branches":{"total":108,"covered":0,"skipped":0,"pct":0}}
,"/Users/jfhenon/Work/svgedit/packages/svgcanvas/units.js": {"lines":{"total":72,"covered":28,"skipped":0,"pct":38.89},"functions":{"total":10,"covered":3,"skipped":0,"pct":30},"statements":{"total":74,"covered":29,"skipped":0,"pct":39.19},"branches":{"total":28,"covered":1,"skipped":0,"pct":3.57}}
,"/Users/jfhenon/Work/svgedit/packages/svgcanvas/utilities.js": {"lines":{"total":422,"covered":148,"skipped":0,"pct":35.07},"functions":{"total":60,"covered":28,"skipped":0,"pct":46.67},"statements":{"total":443,"covered":152,"skipped":0,"pct":34.31},"branches":{"total":205,"covered":45,"skipped":0,"pct":21.95}}
,"/Users/jfhenon/Work/svgedit/src/common/browser.js": {"lines":{"total":25,"covered":24,"skipped":0,"pct":96},"functions":{"total":6,"covered":2,"skipped":0,"pct":33.33},"statements":{"total":30,"covered":25,"skipped":0,"pct":83.33},"branches":{"total":0,"covered":0,"skipped":0,"pct":100}}
,"/Users/jfhenon/Work/svgedit/src/common/util.js": {"lines":{"total":90,"covered":0,"skipped":0,"pct":0},"functions":{"total":7,"covered":0,"skipped":0,"pct":0},"statements":{"total":92,"covered":0,"skipped":0,"pct":0},"branches":{"total":98,"covered":0,"skipped":0,"pct":0}}
,"/Users/jfhenon/Work/svgedit/src/editor/ConfigObj.js": {"lines":{"total":101,"covered":40,"skipped":0,"pct":39.6},"functions":{"total":14,"covered":10,"skipped":0,"pct":71.43},"statements":{"total":102,"covered":40,"skipped":0,"pct":39.22},"branches":{"total":96,"covered":25,"skipped":0,"pct":26.04}}
,"/Users/jfhenon/Work/svgedit/src/editor/Editor.js": {"lines":{"total":410,"covered":167,"skipped":0,"pct":40.73},"functions":{"total":102,"covered":26,"skipped":0,"pct":25.49},"statements":{"total":417,"covered":168,"skipped":0,"pct":40.29},"branches":{"total":213,"covered":55,"skipped":0,"pct":25.82}}
,"/Users/jfhenon/Work/svgedit/src/editor/EditorStartup.js": {"lines":{"total":346,"covered":195,"skipped":0,"pct":56.36},"functions":{"total":51,"covered":23,"skipped":0,"pct":45.1},"statements":{"total":357,"covered":203,"skipped":0,"pct":56.86},"branches":{"total":122,"covered":29,"skipped":0,"pct":23.77}}
,"/Users/jfhenon/Work/svgedit/src/editor/MainMenu.js": {"lines":{"total":111,"covered":14,"skipped":0,"pct":12.61},"functions":{"total":14,"covered":2,"skipped":0,"pct":14.29},"statements":{"total":111,"covered":14,"skipped":0,"pct":12.61},"branches":{"total":48,"covered":0,"skipped":0,"pct":0}}
,"/Users/jfhenon/Work/svgedit/src/editor/Rulers.js": {"lines":{"total":119,"covered":93,"skipped":0,"pct":78.15},"functions":{"total":6,"covered":5,"skipped":0,"pct":83.33},"statements":{"total":124,"covered":96,"skipped":0,"pct":77.42},"branches":{"total":43,"covered":30,"skipped":0,"pct":69.77}}
,"/Users/jfhenon/Work/svgedit/src/editor/browser-not-supported.js": {"lines":{"total":4,"covered":3,"skipped":0,"pct":75},"functions":{"total":1,"covered":1,"skipped":0,"pct":100},"statements":{"total":4,"covered":3,"skipped":0,"pct":75},"branches":{"total":4,"covered":3,"skipped":0,"pct":75}}
,"/Users/jfhenon/Work/svgedit/src/editor/contextmenu.js": {"lines":{"total":22,"covered":9,"skipped":0,"pct":40.91},"functions":{"total":8,"covered":1,"skipped":0,"pct":12.5},"statements":{"total":23,"covered":9,"skipped":0,"pct":39.13},"branches":{"total":13,"covered":0,"skipped":0,"pct":0}}
,"/Users/jfhenon/Work/svgedit/src/editor/locale.js": {"lines":{"total":14,"covered":9,"skipped":0,"pct":64.29},"functions":{"total":2,"covered":2,"skipped":0,"pct":100},"statements":{"total":14,"covered":9,"skipped":0,"pct":64.29},"branches":{"total":10,"covered":3,"skipped":0,"pct":30}}
,"/Users/jfhenon/Work/svgedit/src/editor/components/PaintBox.js": {"lines":{"total":64,"covered":35,"skipped":0,"pct":54.69},"functions":{"total":4,"covered":4,"skipped":0,"pct":100},"statements":{"total":67,"covered":35,"skipped":0,"pct":52.24},"branches":{"total":33,"covered":10,"skipped":0,"pct":30.3}}
,"/Users/jfhenon/Work/svgedit/src/editor/components/index.js": {"lines":{"total":0,"covered":0,"skipped":0,"pct":100},"functions":{"total":0,"covered":0,"skipped":0,"pct":100},"statements":{"total":0,"covered":0,"skipped":0,"pct":100},"branches":{"total":0,"covered":0,"skipped":0,"pct":100}}
,"/Users/jfhenon/Work/svgedit/src/editor/components/seButton.js": {"lines":{"total":57,"covered":40,"skipped":0,"pct":70.18},"functions":{"total":15,"covered":7,"skipped":0,"pct":46.67},"statements":{"total":60,"covered":42,"skipped":0,"pct":70},"branches":{"total":33,"covered":23,"skipped":0,"pct":69.7}}
,"/Users/jfhenon/Work/svgedit/src/editor/components/seColorPicker.js": {"lines":{"total":50,"covered":33,"skipped":0,"pct":66},"functions":{"total":16,"covered":8,"skipped":0,"pct":50},"statements":{"total":51,"covered":33,"skipped":0,"pct":64.71},"branches":{"total":11,"covered":8,"skipped":0,"pct":72.73}}
,"/Users/jfhenon/Work/svgedit/src/editor/components/seExplorerButton.js": {"lines":{"total":95,"covered":72,"skipped":0,"pct":75.79},"functions":{"total":17,"covered":10,"skipped":0,"pct":58.82},"statements":{"total":98,"covered":72,"skipped":0,"pct":73.47},"branches":{"total":30,"covered":17,"skipped":0,"pct":56.67}}
,"/Users/jfhenon/Work/svgedit/src/editor/components/seFlyingButton.js": {"lines":{"total":74,"covered":28,"skipped":0,"pct":37.84},"functions":{"total":14,"covered":6,"skipped":0,"pct":42.86},"statements":{"total":75,"covered":28,"skipped":0,"pct":37.33},"branches":{"total":29,"covered":4,"skipped":0,"pct":13.79}}
,"/Users/jfhenon/Work/svgedit/src/editor/components/seInput.js": {"lines":{"total":46,"covered":24,"skipped":0,"pct":52.17},"functions":{"total":16,"covered":5,"skipped":0,"pct":31.25},"statements":{"total":47,"covered":24,"skipped":0,"pct":51.06},"branches":{"total":8,"covered":4,"skipped":0,"pct":50}}
,"/Users/jfhenon/Work/svgedit/src/editor/components/seList.js": {"lines":{"total":87,"covered":50,"skipped":0,"pct":57.47},"functions":{"total":21,"covered":7,"skipped":0,"pct":33.33},"statements":{"total":89,"covered":51,"skipped":0,"pct":57.3},"branches":{"total":22,"covered":10,"skipped":0,"pct":45.45}}
,"/Users/jfhenon/Work/svgedit/src/editor/components/seListItem.js": {"lines":{"total":39,"covered":25,"skipped":0,"pct":64.1},"functions":{"total":12,"covered":3,"skipped":0,"pct":25},"statements":{"total":40,"covered":26,"skipped":0,"pct":65},"branches":{"total":10,"covered":8,"skipped":0,"pct":80}}
,"/Users/jfhenon/Work/svgedit/src/editor/components/seMenu.js": {"lines":{"total":26,"covered":20,"skipped":0,"pct":76.92},"functions":{"total":7,"covered":3,"skipped":0,"pct":42.86},"statements":{"total":27,"covered":20,"skipped":0,"pct":74.07},"branches":{"total":5,"covered":3,"skipped":0,"pct":60}}
,"/Users/jfhenon/Work/svgedit/src/editor/components/seMenuItem.js": {"lines":{"total":37,"covered":26,"skipped":0,"pct":70.27},"functions":{"total":9,"covered":5,"skipped":0,"pct":55.56},"statements":{"total":40,"covered":27,"skipped":0,"pct":67.5},"branches":{"total":19,"covered":8,"skipped":0,"pct":42.11}}
,"/Users/jfhenon/Work/svgedit/src/editor/components/sePalette.js": {"lines":{"total":33,"covered":26,"skipped":0,"pct":78.79},"functions":{"total":7,"covered":6,"skipped":0,"pct":85.71},"statements":{"total":33,"covered":26,"skipped":0,"pct":78.79},"branches":{"total":13,"covered":3,"skipped":0,"pct":23.08}}
,"/Users/jfhenon/Work/svgedit/src/editor/components/sePlainBorderButton.js": {"lines":{"total":3,"covered":3,"skipped":0,"pct":100},"functions":{"total":1,"covered":1,"skipped":0,"pct":100},"statements":{"total":3,"covered":3,"skipped":0,"pct":100},"branches":{"total":0,"covered":0,"skipped":0,"pct":100}}
,"/Users/jfhenon/Work/svgedit/src/editor/components/sePlainMenuButton.js": {"lines":{"total":2,"covered":2,"skipped":0,"pct":100},"functions":{"total":1,"covered":1,"skipped":0,"pct":100},"statements":{"total":2,"covered":2,"skipped":0,"pct":100},"branches":{"total":0,"covered":0,"skipped":0,"pct":100}}
,"/Users/jfhenon/Work/svgedit/src/editor/components/seSelect.js": {"lines":{"total":56,"covered":41,"skipped":0,"pct":73.21},"functions":{"total":17,"covered":8,"skipped":0,"pct":47.06},"statements":{"total":59,"covered":43,"skipped":0,"pct":72.88},"branches":{"total":16,"covered":14,"skipped":0,"pct":87.5}}
,"/Users/jfhenon/Work/svgedit/src/editor/components/seSpinInput.js": {"lines":{"total":65,"covered":44,"skipped":0,"pct":67.69},"functions":{"total":18,"covered":6,"skipped":0,"pct":33.33},"statements":{"total":66,"covered":44,"skipped":0,"pct":66.67},"branches":{"total":17,"covered":12,"skipped":0,"pct":70.59}}
,"/Users/jfhenon/Work/svgedit/src/editor/components/seText.js": {"lines":{"total":28,"covered":18,"skipped":0,"pct":64.29},"functions":{"total":10,"covered":4,"skipped":0,"pct":40},"statements":{"total":29,"covered":18,"skipped":0,"pct":62.07},"branches":{"total":8,"covered":5,"skipped":0,"pct":62.5}}
,"/Users/jfhenon/Work/svgedit/src/editor/components/seZoom.js": {"lines":{"total":99,"covered":62,"skipped":0,"pct":62.63},"functions":{"total":28,"covered":9,"skipped":0,"pct":32.14},"statements":{"total":104,"covered":63,"skipped":0,"pct":60.58},"branches":{"total":36,"covered":7,"skipped":0,"pct":19.44}}
,"/Users/jfhenon/Work/svgedit/src/editor/components/jgraduate/ColorValuePicker.js": {"lines":{"total":231,"covered":0,"skipped":0,"pct":0},"functions":{"total":9,"covered":0,"skipped":0,"pct":0},"statements":{"total":249,"covered":0,"skipped":0,"pct":0},"branches":{"total":157,"covered":0,"skipped":0,"pct":0}}
,"/Users/jfhenon/Work/svgedit/src/editor/components/jgraduate/Slider.js": {"lines":{"total":156,"covered":1,"skipped":0,"pct":0.64},"functions":{"total":17,"covered":0,"skipped":0,"pct":0},"statements":{"total":176,"covered":1,"skipped":0,"pct":0.57},"branches":{"total":186,"covered":0,"skipped":0,"pct":0}}
,"/Users/jfhenon/Work/svgedit/src/editor/components/jgraduate/jQuery.jGraduate.js": {"lines":{"total":580,"covered":5,"skipped":0,"pct":0.86},"functions":{"total":44,"covered":0,"skipped":0,"pct":0},"statements":{"total":602,"covered":5,"skipped":0,"pct":0.83},"branches":{"total":278,"covered":1,"skipped":0,"pct":0.36}}
,"/Users/jfhenon/Work/svgedit/src/editor/components/jgraduate/jQuery.jPicker.js": {"lines":{"total":840,"covered":189,"skipped":0,"pct":22.5},"functions":{"total":60,"covered":10,"skipped":0,"pct":16.67},"statements":{"total":926,"covered":201,"skipped":0,"pct":21.71},"branches":{"total":777,"covered":146,"skipped":0,"pct":18.79}}
,"/Users/jfhenon/Work/svgedit/src/editor/dialogs/SePlainAlertDialog.js": {"lines":{"total":7,"covered":1,"skipped":0,"pct":14.29},"functions":{"total":1,"covered":0,"skipped":0,"pct":0},"statements":{"total":7,"covered":1,"skipped":0,"pct":14.29},"branches":{"total":2,"covered":0,"skipped":0,"pct":0}}
,"/Users/jfhenon/Work/svgedit/src/editor/dialogs/cmenuDialog.js": {"lines":{"total":120,"covered":99,"skipped":0,"pct":82.5},"functions":{"total":28,"covered":9,"skipped":0,"pct":32.14},"statements":{"total":131,"covered":99,"skipped":0,"pct":75.57},"branches":{"total":23,"covered":16,"skipped":0,"pct":69.57}}
,"/Users/jfhenon/Work/svgedit/src/editor/dialogs/cmenuLayersDialog.js": {"lines":{"total":61,"covered":49,"skipped":0,"pct":80.33},"functions":{"total":16,"covered":6,"skipped":0,"pct":37.5},"statements":{"total":66,"covered":49,"skipped":0,"pct":74.24},"branches":{"total":18,"covered":13,"skipped":0,"pct":72.22}}
,"/Users/jfhenon/Work/svgedit/src/editor/dialogs/editorPreferencesDialog.js": {"lines":{"total":157,"covered":106,"skipped":0,"pct":67.52},"functions":{"total":30,"covered":7,"skipped":0,"pct":23.33},"statements":{"total":159,"covered":106,"skipped":0,"pct":66.67},"branches":{"total":46,"covered":22,"skipped":0,"pct":47.83}}
,"/Users/jfhenon/Work/svgedit/src/editor/dialogs/exportDialog.js": {"lines":{"total":55,"covered":36,"skipped":0,"pct":65.45},"functions":{"total":14,"covered":5,"skipped":0,"pct":35.71},"statements":{"total":58,"covered":36,"skipped":0,"pct":62.07},"branches":{"total":12,"covered":4,"skipped":0,"pct":33.33}}
,"/Users/jfhenon/Work/svgedit/src/editor/dialogs/imagePropertiesDialog.js": {"lines":{"total":161,"covered":90,"skipped":0,"pct":55.9},"functions":{"total":20,"covered":5,"skipped":0,"pct":25},"statements":{"total":162,"covered":90,"skipped":0,"pct":55.56},"branches":{"total":53,"covered":23,"skipped":0,"pct":43.4}}
,"/Users/jfhenon/Work/svgedit/src/editor/dialogs/index.js": {"lines":{"total":0,"covered":0,"skipped":0,"pct":100},"functions":{"total":0,"covered":0,"skipped":0,"pct":100},"statements":{"total":0,"covered":0,"skipped":0,"pct":100},"branches":{"total":0,"covered":0,"skipped":0,"pct":100}}
,"/Users/jfhenon/Work/svgedit/src/editor/dialogs/seAlertDialog.js": {"lines":{"total":6,"covered":2,"skipped":0,"pct":33.33},"functions":{"total":1,"covered":0,"skipped":0,"pct":0},"statements":{"total":6,"covered":2,"skipped":0,"pct":33.33},"branches":{"total":0,"covered":0,"skipped":0,"pct":100}}
,"/Users/jfhenon/Work/svgedit/src/editor/dialogs/seConfirmDialog.js": {"lines":{"total":8,"covered":2,"skipped":0,"pct":25},"functions":{"total":1,"covered":0,"skipped":0,"pct":0},"statements":{"total":8,"covered":2,"skipped":0,"pct":25},"branches":{"total":2,"covered":0,"skipped":0,"pct":0}}
,"/Users/jfhenon/Work/svgedit/src/editor/dialogs/sePromptDialog.js": {"lines":{"total":24,"covered":5,"skipped":0,"pct":20.83},"functions":{"total":7,"covered":2,"skipped":0,"pct":28.57},"statements":{"total":24,"covered":5,"skipped":0,"pct":20.83},"branches":{"total":9,"covered":0,"skipped":0,"pct":0}}
,"/Users/jfhenon/Work/svgedit/src/editor/dialogs/seSelectDialog.js": {"lines":{"total":8,"covered":2,"skipped":0,"pct":25},"functions":{"total":1,"covered":0,"skipped":0,"pct":0},"statements":{"total":8,"covered":2,"skipped":0,"pct":25},"branches":{"total":0,"covered":0,"skipped":0,"pct":100}}
,"/Users/jfhenon/Work/svgedit/src/editor/dialogs/svgSourceDialog.js": {"lines":{"total":74,"covered":56,"skipped":0,"pct":75.68},"functions":{"total":17,"covered":6,"skipped":0,"pct":35.29},"statements":{"total":75,"covered":56,"skipped":0,"pct":74.67},"branches":{"total":17,"covered":13,"skipped":0,"pct":76.47}}
,"/Users/jfhenon/Work/svgedit/src/editor/dialogs/se-elix/define/NumberSpinBox.js": {"lines":{"total":1,"covered":1,"skipped":0,"pct":100},"functions":{"total":0,"covered":0,"skipped":0,"pct":100},"statements":{"total":1,"covered":1,"skipped":0,"pct":100},"branches":{"total":0,"covered":0,"skipped":0,"pct":100}}
,"/Users/jfhenon/Work/svgedit/src/editor/dialogs/se-elix/src/base/NumberSpinBox.js": {"lines":{"total":54,"covered":32,"skipped":0,"pct":59.26},"functions":{"total":13,"covered":6,"skipped":0,"pct":46.15},"statements":{"total":54,"covered":32,"skipped":0,"pct":59.26},"branches":{"total":53,"covered":36,"skipped":0,"pct":67.92}}
,"/Users/jfhenon/Work/svgedit/src/editor/dialogs/se-elix/src/plain/PlainNumberSpinBox.js": {"lines":{"total":0,"covered":0,"skipped":0,"pct":100},"functions":{"total":0,"covered":0,"skipped":0,"pct":100},"statements":{"total":0,"covered":0,"skipped":0,"pct":100},"branches":{"total":0,"covered":0,"skipped":0,"pct":100}}
,"/Users/jfhenon/Work/svgedit/src/editor/extensions/ext-eyedropper/ext-eyedropper.js": {"lines":{"total":60,"covered":39,"skipped":0,"pct":65},"functions":{"total":8,"covered":5,"skipped":0,"pct":62.5},"statements":{"total":71,"covered":39,"skipped":0,"pct":54.93},"branches":{"total":39,"covered":14,"skipped":0,"pct":35.9}}
,"/Users/jfhenon/Work/svgedit/src/editor/extensions/ext-eyedropper/locale/en.js": {"lines":{"total":0,"covered":0,"skipped":0,"pct":100},"functions":{"total":0,"covered":0,"skipped":0,"pct":100},"statements":{"total":0,"covered":0,"skipped":0,"pct":100},"branches":{"total":0,"covered":0,"skipped":0,"pct":100}}
,"/Users/jfhenon/Work/svgedit/src/editor/extensions/ext-grid/ext-grid.js": {"lines":{"total":88,"covered":43,"skipped":0,"pct":48.86},"functions":{"total":8,"covered":4,"skipped":0,"pct":50},"statements":{"total":90,"covered":43,"skipped":0,"pct":47.78},"branches":{"total":10,"covered":4,"skipped":0,"pct":40}}
,"/Users/jfhenon/Work/svgedit/src/editor/extensions/ext-grid/locale/en.js": {"lines":{"total":0,"covered":0,"skipped":0,"pct":100},"functions":{"total":0,"covered":0,"skipped":0,"pct":100},"statements":{"total":0,"covered":0,"skipped":0,"pct":100},"branches":{"total":0,"covered":0,"skipped":0,"pct":100}}
,"/Users/jfhenon/Work/svgedit/src/editor/extensions/ext-markers/ext-markers.js": {"lines":{"total":149,"covered":45,"skipped":0,"pct":30.2},"functions":{"total":21,"covered":12,"skipped":0,"pct":57.14},"statements":{"total":164,"covered":47,"skipped":0,"pct":28.66},"branches":{"total":80,"covered":21,"skipped":0,"pct":26.25}}
,"/Users/jfhenon/Work/svgedit/src/editor/extensions/ext-opensave/ext-opensave.js": {"lines":{"total":136,"covered":36,"skipped":0,"pct":26.47},"functions":{"total":13,"covered":3,"skipped":0,"pct":23.08},"statements":{"total":140,"covered":36,"skipped":0,"pct":25.71},"branches":{"total":32,"covered":0,"skipped":0,"pct":0}}
,"/Users/jfhenon/Work/svgedit/src/editor/extensions/ext-opensave/locale/en.js": {"lines":{"total":0,"covered":0,"skipped":0,"pct":100},"functions":{"total":0,"covered":0,"skipped":0,"pct":100},"statements":{"total":0,"covered":0,"skipped":0,"pct":100},"branches":{"total":0,"covered":0,"skipped":0,"pct":100}}
,"/Users/jfhenon/Work/svgedit/src/editor/extensions/ext-panning/ext-panning.js": {"lines":{"total":30,"covered":22,"skipped":0,"pct":73.33},"functions":{"total":7,"covered":6,"skipped":0,"pct":85.71},"statements":{"total":30,"covered":22,"skipped":0,"pct":73.33},"branches":{"total":6,"covered":2,"skipped":0,"pct":33.33}}
,"/Users/jfhenon/Work/svgedit/src/editor/extensions/ext-panning/locale/en.js": {"lines":{"total":0,"covered":0,"skipped":0,"pct":100},"functions":{"total":0,"covered":0,"skipped":0,"pct":100},"statements":{"total":0,"covered":0,"skipped":0,"pct":100},"branches":{"total":0,"covered":0,"skipped":0,"pct":100}}
,"/Users/jfhenon/Work/svgedit/src/editor/extensions/ext-polystar/ext-polystar.js": {"lines":{"total":247,"covered":63,"skipped":0,"pct":25.51},"functions":{"total":18,"covered":8,"skipped":0,"pct":44.44},"statements":{"total":256,"covered":63,"skipped":0,"pct":24.61},"branches":{"total":62,"covered":10,"skipped":0,"pct":16.13}}
,"/Users/jfhenon/Work/svgedit/src/editor/extensions/ext-polystar/locale/en.js": {"lines":{"total":0,"covered":0,"skipped":0,"pct":100},"functions":{"total":0,"covered":0,"skipped":0,"pct":100},"statements":{"total":0,"covered":0,"skipped":0,"pct":100},"branches":{"total":0,"covered":0,"skipped":0,"pct":100}}
,"/Users/jfhenon/Work/svgedit/src/editor/extensions/ext-shapes/ext-shapes.js": {"lines":{"total":76,"covered":74,"skipped":0,"pct":97.37},"functions":{"total":7,"covered":7,"skipped":0,"pct":100},"statements":{"total":80,"covered":78,"skipped":0,"pct":97.5},"branches":{"total":26,"covered":17,"skipped":0,"pct":65.38}}
,"/Users/jfhenon/Work/svgedit/src/editor/extensions/ext-shapes/locale/en.js": {"lines":{"total":0,"covered":0,"skipped":0,"pct":100},"functions":{"total":0,"covered":0,"skipped":0,"pct":100},"statements":{"total":0,"covered":0,"skipped":0,"pct":100},"branches":{"total":0,"covered":0,"skipped":0,"pct":100}}
,"/Users/jfhenon/Work/svgedit/src/editor/extensions/ext-storage/ext-storage.js": {"lines":{"total":91,"covered":35,"skipped":0,"pct":38.46},"functions":{"total":12,"covered":4,"skipped":0,"pct":33.33},"statements":{"total":91,"covered":35,"skipped":0,"pct":38.46},"branches":{"total":68,"covered":15,"skipped":0,"pct":22.06}}
,"/Users/jfhenon/Work/svgedit/src/editor/extensions/ext-storage/storageDialog.js": {"lines":{"total":60,"covered":56,"skipped":0,"pct":93.33},"functions":{"total":10,"covered":7,"skipped":0,"pct":70},"statements":{"total":62,"covered":57,"skipped":0,"pct":91.94},"branches":{"total":15,"covered":13,"skipped":0,"pct":86.67}}
,"/Users/jfhenon/Work/svgedit/src/editor/locale/lang.en.js": {"lines":{"total":0,"covered":0,"skipped":0,"pct":100},"functions":{"total":0,"covered":0,"skipped":0,"pct":100},"statements":{"total":0,"covered":0,"skipped":0,"pct":100},"branches":{"total":0,"covered":0,"skipped":0,"pct":100}}
,"/Users/jfhenon/Work/svgedit/src/editor/panels/BottomPanel.js": {"lines":{"total":71,"covered":39,"skipped":0,"pct":54.93},"functions":{"total":22,"covered":8,"skipped":0,"pct":36.36},"statements":{"total":77,"covered":40,"skipped":0,"pct":51.95},"branches":{"total":30,"covered":5,"skipped":0,"pct":16.67}}
,"/Users/jfhenon/Work/svgedit/src/editor/panels/LayersPanel.js": {"lines":{"total":157,"covered":70,"skipped":0,"pct":44.59},"functions":{"total":27,"covered":6,"skipped":0,"pct":22.22},"statements":{"total":163,"covered":71,"skipped":0,"pct":43.56},"branches":{"total":46,"covered":6,"skipped":0,"pct":13.04}}
,"/Users/jfhenon/Work/svgedit/src/editor/panels/LeftPanel.js": {"lines":{"total":58,"covered":29,"skipped":0,"pct":50},"functions":{"total":20,"covered":6,"skipped":0,"pct":30},"statements":{"total":59,"covered":29,"skipped":0,"pct":49.15},"branches":{"total":32,"covered":3,"skipped":0,"pct":9.38}}
,"/Users/jfhenon/Work/svgedit/src/editor/panels/TopPanel.js": {"lines":{"total":391,"covered":180,"skipped":0,"pct":46.04},"functions":{"total":73,"covered":19,"skipped":0,"pct":26.03},"statements":{"total":411,"covered":182,"skipped":0,"pct":44.28},"branches":{"total":207,"covered":58,"skipped":0,"pct":28.02}}
}
